
C:\Users\Admin\Documents\Workspace\WASA-SED\Zone3A\./Input/                                                                                                     
C:\Users\Admin\Documents\Workspace\WASA-SED\Zone3A\./Output/                                                                                                    
 start year of simulation:         2000
 end year of simulation:         2002
 start of simulation (month, day):            1           1
 end of simulation (month, day):           12          31
 no. of sub-basin:           75
 no. of combinations:         5061
 total no. of SOTER units:           63
 total no. of terrain components:          189
 total no. of soil components:            9
 total no. of vegetation units:            7
 do reservoir calculations:  T
 T
 F
 T
 T
 F
 F
           0
           0
   15.0000000       0.00000000       1.00000000    
  0.300000012    
           0
 F
 F
   1.00000000    
 F
           3
 [not used]
           1
           1
 WASA model, rev_268-49-ge63237d  (local modifications); repository date 2020-11-19 17:07:56 +0100, built 24.11.2020 11:37
 using prespecified outflow: T
